2023-03-31 17:20:50.580  INFO 1308 --- [main] c.P.A.AdminServiceApplication            : Starting AdminServiceApplication using Java 19.0.1 on DESKTOP-MPF5DJK with PID 1308 (C:\Users\hp\Downloads\AdminService\target\classes started by hp in C:\Users\hp\Downloads\AdminService)
2023-03-31 17:20:50.584  INFO 1308 --- [main] c.P.A.AdminServiceApplication            : No active profile set, falling back to 1 default profile: "default"
2023-03-31 17:20:52.040  INFO 1308 --- [main] .s.d.r.c.RepositoryConfigurationDelegate : Bootstrapping Spring Data JPA repositories in DEFAULT mode.
2023-03-31 17:20:52.302  INFO 1308 --- [main] .s.d.r.c.RepositoryConfigurationDelegate : Finished Spring Data repository scanning in 251 ms. Found 5 JPA repository interfaces.
2023-03-31 17:20:52.731  INFO 1308 --- [main] o.s.cloud.context.scope.GenericScope     : BeanFactory id=aebb6f48-c461-38a9-bc9b-fd941b100e6b
2023-03-31 17:20:53.456  INFO 1308 --- [main] o.s.b.w.embedded.tomcat.TomcatWebServer  : Tomcat initialized with port(s): 8082 (http)
2023-03-31 17:20:53.472  INFO 1308 --- [main] o.apache.catalina.core.StandardService   : Starting service [Tomcat]
2023-03-31 17:20:53.473  INFO 1308 --- [main] org.apache.catalina.core.StandardEngine  : Starting Servlet engine: [Apache Tomcat/9.0.73]
2023-03-31 17:20:53.706  INFO 1308 --- [main] o.a.c.c.C.[Tomcat].[localhost].[/]       : Initializing Spring embedded WebApplicationContext
2023-03-31 17:20:53.706  INFO 1308 --- [main] w.s.c.ServletWebServerApplicationContext : Root WebApplicationContext: initialization completed in 3011 ms
2023-03-31 17:20:54.030  INFO 1308 --- [main] o.hibernate.jpa.internal.util.LogHelper  : HHH000204: Processing PersistenceUnitInfo [name: default]
2023-03-31 17:20:54.141  INFO 1308 --- [main] org.hibernate.Version                    : HHH000412: Hibernate ORM core version 5.6.15.Final
2023-03-31 17:20:54.450  INFO 1308 --- [main] o.hibernate.annotations.common.Version   : HCANN000001: Hibernate Commons Annotations {5.1.2.Final}
2023-03-31 17:20:54.626  INFO 1308 --- [main] com.zaxxer.hikari.HikariDataSource       : HikariPool-1 - Starting...
2023-03-31 17:20:55.059  INFO 1308 --- [main] com.zaxxer.hikari.HikariDataSource       : HikariPool-1 - Start completed.
2023-03-31 17:20:55.082  INFO 1308 --- [main] org.hibernate.dialect.Dialect            : HHH000400: Using dialect: org.hibernate.dialect.MySQL5Dialect
2023-03-31 17:20:56.450  INFO 1308 --- [main] o.h.e.t.j.p.i.JtaPlatformInitiator       : HHH000490: Using JtaPlatform implementation: [org.hibernate.engine.transaction.jta.platform.internal.NoJtaPlatform]
2023-03-31 17:20:56.462  INFO 1308 --- [main] j.LocalContainerEntityManagerFactoryBean : Initialized JPA EntityManagerFactory for persistence unit 'default'
2023-03-31 17:20:57.704  WARN 1308 --- [main] JpaBaseConfiguration$JpaWebConfiguration : spring.jpa.open-in-view is enabled by default. Therefore, database queries may be performed during view rendering. Explicitly configure spring.jpa.open-in-view to disable this warning
2023-03-31 17:20:57.987  INFO 1308 --- [main] o.s.s.web.DefaultSecurityFilterChain     : Will secure any request with [org.springframework.security.web.session.DisableEncodeUrlFilter@2db75e32, org.springframework.security.web.context.request.async.WebAsyncManagerIntegrationFilter@1f2d0ca2, org.springframework.security.web.context.SecurityContextPersistenceFilter@24bc06dd, org.springframework.security.web.header.HeaderWriterFilter@2662e3ff, org.springframework.security.web.authentication.logout.LogoutFilter@3c2e73ce, com.PWS.AdminService.jwtconfig.JwtFilter@118f2486, org.springframework.security.web.savedrequest.RequestCacheAwareFilter@24d7c365, org.springframework.security.web.servletapi.SecurityContextHolderAwareRequestFilter@732bb49d, org.springframework.security.web.authentication.AnonymousAuthenticationFilter@e353e1d, org.springframework.security.web.session.SessionManagementFilter@32029cd, org.springframework.security.web.access.ExceptionTranslationFilter@68908be7, org.springframework.security.web.access.intercept.FilterSecurityInterceptor@237b54bc]
2023-03-31 17:21:00.447  INFO 1308 --- [main] DiscoveryClientOptionalArgsConfiguration : Eureka HTTP Client uses RestTemplate.
2023-03-31 17:21:00.772  WARN 1308 --- [main] iguration$LoadBalancerCaffeineWarnLogger : Spring Cloud LoadBalancer is currently working with the default cache. While this cache implementation is useful for development and tests, it's recommended to use Caffeine cache in production.You can switch to using Caffeine cache, by adding it and org.springframework.cache.caffeine.CaffeineCacheManager to the classpath.
2023-03-31 17:21:00.809  INFO 1308 --- [main] o.s.c.n.eureka.InstanceInfoFactory       : Setting initial instance status as: STARTING
2023-03-31 17:21:01.090  INFO 1308 --- [main] com.netflix.discovery.DiscoveryClient    : Initializing Eureka in region us-east-1
2023-03-31 17:21:01.103  INFO 1308 --- [main] c.n.d.s.r.aws.ConfigClusterResolver      : Resolving eureka endpoints via configuration
2023-03-31 17:21:01.169  INFO 1308 --- [main] com.netflix.discovery.DiscoveryClient    : Disable delta property : false
2023-03-31 17:21:01.169  INFO 1308 --- [main] com.netflix.discovery.DiscoveryClient    : Single vip registry refresh property : null
2023-03-31 17:21:01.169  INFO 1308 --- [main] com.netflix.discovery.DiscoveryClient    : Force full registry fetch : false
2023-03-31 17:21:01.170  INFO 1308 --- [main] com.netflix.discovery.DiscoveryClient    : Application is null : false
2023-03-31 17:21:01.170  INFO 1308 --- [main] com.netflix.discovery.DiscoveryClient    : Registered Applications size is zero : true
2023-03-31 17:21:01.170  INFO 1308 --- [main] com.netflix.discovery.DiscoveryClient    : Application version is -1: true
2023-03-31 17:21:01.170  INFO 1308 --- [main] com.netflix.discovery.DiscoveryClient    : Getting all instance registry info from the eureka server
2023-03-31 17:21:01.898  INFO 1308 --- [main] com.netflix.discovery.DiscoveryClient    : The response status is 200
2023-03-31 17:21:01.906  INFO 1308 --- [main] com.netflix.discovery.DiscoveryClient    : Starting heartbeat executor: renew interval is: 30
2023-03-31 17:21:01.914  INFO 1308 --- [main] c.n.discovery.InstanceInfoReplicator     : InstanceInfoReplicator onDemand update allowed rate per min is 4
2023-03-31 17:21:01.938  INFO 1308 --- [main] com.netflix.discovery.DiscoveryClient    : Discovery Client initialized at timestamp 1680263461929 with initial instances count: 1
2023-03-31 17:21:01.947  INFO 1308 --- [main] o.s.c.n.e.s.EurekaServiceRegistry        : Registering application ADMINSERVICE with eureka with status UP
2023-03-31 17:21:01.949  INFO 1308 --- [main] com.netflix.discovery.DiscoveryClient    : Saw local status change event StatusChangeEvent [timestamp=1680263461949, current=UP, previous=STARTING]
2023-03-31 17:21:01.954  INFO 1308 --- [DiscoveryClient-InstanceInfoReplicator-0] com.netflix.discovery.DiscoveryClient    : DiscoveryClient_ADMINSERVICE/DESKTOP-MPF5DJK:adminService:8082: registering service...
2023-03-31 17:21:02.000  INFO 1308 --- [main] o.s.b.w.embedded.tomcat.TomcatWebServer  : Tomcat started on port(s): 8082 (http) with context path ''
2023-03-31 17:21:02.001  INFO 1308 --- [main] .s.c.n.e.s.EurekaAutoServiceRegistration : Updating port to 8082
2023-03-31 17:21:02.037  INFO 1308 --- [DiscoveryClient-InstanceInfoReplicator-0] com.netflix.discovery.DiscoveryClient    : DiscoveryClient_ADMINSERVICE/DESKTOP-MPF5DJK:adminService:8082 - registration status: 204
2023-03-31 17:21:02.175  INFO 1308 --- [main] c.P.A.AdminServiceApplication            : Started AdminServiceApplication in 12.596 seconds (JVM running for 13.43)
2023-03-31 17:25:09.969  WARN 1308 --- [HikariPool-1 housekeeper] com.zaxxer.hikari.pool.HikariPool        : HikariPool-1 - Thread starvation or clock leap detected (housekeeper delta=3m14s806ms31µs100ns).
2023-03-31 17:53:08.235  WARN 1308 --- [HikariPool-1 housekeeper] com.zaxxer.hikari.pool.HikariPool        : HikariPool-1 - Thread starvation or clock leap detected (housekeeper delta=26m58s275ms184µs600ns).
2023-03-31 17:55:14.198  INFO 1308 --- [AsyncResolver-bootstrap-executor-0] c.n.d.s.r.aws.ConfigClusterResolver      : Resolving eureka endpoints via configuration
